{"name": "test_get[djkfhdsjfdss]", "status": "broken", "statusDetails": {"message": "TypeError: unsupported operand type(s) for +: 'int' and 'str'", "trace": "self = <api.department.Department object at 0x0000024FF1EF56A0>\nsteps = [{'method': 'tag.get', 'userid': '${userid}'}, {'assertion': 0, 'path': '$..errcode'}]\n\n    def api_steps(self, steps: list):\n        for step in steps:\n            raw = yaml.dump(step)\n            for key, value in self.params.items():\n                raw = raw.replace(f'${{{key}}}', repr(value))\n            step = yaml.safe_load(raw)\n            if isinstance(step, dict):\n                if 'method' in step.keys():\n                    Get_log().log_info('正在测试'+ step['method'])\n                    allure.attach(step['method']+'测试')\n                    method = step['method'].split('.')[-1]\n                    getattr(self, method)(**step)\n                if \"path\" in step.keys():\n                    self.code = getattr(self, 'jsonpath')(**step)\n                    print(self.code)\n                    print(type(self.code))\n                    print('111111111111111111111')\n                if 'assertion' in step.keys():\n                    try:\n>                       assert self.code == step['assertion']\nE                       AssertionError\n\n..\\api\\baseapi.py:72: AssertionError\n\nDuring handling of the above exception, another exception occurred:\n\nself = <testcase.test_department.TestDepartment object at 0x0000024FF1EF56D8>\nuserid = 'djkfhdsjfdss'\n\n    @allure.step('测试')\n    @pytest.mark.parametrize('userid',['dfmfdsdfdddfsffddf','djkfhdsjfdss'])\n    def test_get(self,userid):\n        self.department.params['userid'] =userid\n>       self.department.api_steps(self.data)\n\ntest_department.py:16: \n_ _ _ _ _ _ _ _ _ _ _ _ _ _ _ _ _ _ _ _ _ _ _ _ _ _ _ _ _ _ _ _ _ _ _ _ _ _ _ _\n\nself = <api.department.Department object at 0x0000024FF1EF56A0>\nsteps = [{'method': 'tag.get', 'userid': '${userid}'}, {'assertion': 0, 'path': '$..errcode'}]\n\n    def api_steps(self, steps: list):\n        for step in steps:\n            raw = yaml.dump(step)\n            for key, value in self.params.items():\n                raw = raw.replace(f'${{{key}}}', repr(value))\n            step = yaml.safe_load(raw)\n            if isinstance(step, dict):\n                if 'method' in step.keys():\n                    Get_log().log_info('正在测试'+ step['method'])\n                    allure.attach(step['method']+'测试')\n                    method = step['method'].split('.')[-1]\n                    getattr(self, method)(**step)\n                if \"path\" in step.keys():\n                    self.code = getattr(self, 'jsonpath')(**step)\n                    print(self.code)\n                    print(type(self.code))\n                    print('111111111111111111111')\n                if 'assertion' in step.keys():\n                    try:\n                        assert self.code == step['assertion']\n                    except Exception as e:\n>                       Get_log().log_error(self.code + '！=' + step['assertion'])\nE                       TypeError: unsupported operand type(s) for +: 'int' and 'str'\n\n..\\api\\baseapi.py:74: TypeError"}, "steps": [{"name": "测试", "status": "broken", "statusDetails": {"message": "TypeError: unsupported operand type(s) for +: 'int' and 'str'\n", "trace": "  File \"D:\\python\\lib\\site-packages\\allure_commons\\_allure.py\", line 172, in impl\n    return func(*a, **kw)\n  File \"H:\\练习\\test_reques_wework\\testcase\\test_department.py\", line 16, in test_get\n    self.department.api_steps(self.data)\n  File \"H:\\练习\\test_reques_wework\\api\\baseapi.py\", line 74, in api_steps\n    Get_log().log_error(self.code + '！=' + step['assertion'])\n"}, "attachments": [{"source": "1f1beeca-513c-4f9c-8141-8aaef026e51a-attachment.attach"}], "parameters": [{"name": "userid", "value": "'djkfhdsjfdss'"}], "start": 1634409935905, "stop": 1634409936718}], "attachments": [{"name": "log", "source": "13044e84-0fea-4c73-99d2-7a07cf13f101-attachment.txt", "type": "text/plain"}], "parameters": [{"name": "userid", "value": "'djkfhdsjfdss'"}], "start": 1634409935905, "stop": 1634409936718, "uuid": "b374f578-22c3-4ae0-9ec9-edf4e2b3452f", "historyId": "5c3bc40267495b9ef4867fee7c6d02db", "testCaseId": "dcccf3236d29225883a842a7b88face6", "fullName": "testcase.test_department.TestDepartment#test_get", "labels": [{"name": "parentSuite", "value": "testcase"}, {"name": "suite", "value": "test_department"}, {"name": "subSuite", "value": "TestDepartment"}, {"name": "host", "value": "PC-202008151337"}, {"name": "thread", "value": "4576-MainThread"}, {"name": "framework", "value": "pytest"}, {"name": "language", "value": "cpython3"}, {"name": "package", "value": "testcase.test_department"}]}